mode: set
project/e-commerce/features/cart/usecase/logic.go:12.57,16.2 1 1
project/e-commerce/features/cart/usecase/logic.go:18.67,19.25 1 1
project/e-commerce/features/cart/usecase/logic.go:23.2,24.16 2 1
project/e-commerce/features/cart/usecase/logic.go:27.2,27.17 1 1
project/e-commerce/features/cart/usecase/logic.go:19.25,21.3 1 1
project/e-commerce/features/cart/usecase/logic.go:24.16,26.3 1 1
project/e-commerce/features/cart/usecase/logic.go:30.76,32.16 2 1
project/e-commerce/features/cart/usecase/logic.go:35.2,35.17 1 1
project/e-commerce/features/cart/usecase/logic.go:32.16,34.3 1 1
project/e-commerce/features/cart/usecase/logic.go:38.72,40.16 2 1
project/e-commerce/features/cart/usecase/logic.go:44.2,44.17 1 1
project/e-commerce/features/cart/usecase/logic.go:40.16,42.3 1 1
project/e-commerce/features/cart/usecase/logic.go:47.84,49.16 2 1
project/e-commerce/features/cart/usecase/logic.go:52.2,52.17 1 1
project/e-commerce/features/cart/usecase/logic.go:49.16,51.3 1 1
project/e-commerce/features/product/usecase/logic.go:12.63,16.2 1 1
project/e-commerce/features/product/usecase/logic.go:18.73,19.106 1 1
project/e-commerce/features/product/usecase/logic.go:23.2,24.16 2 1
project/e-commerce/features/product/usecase/logic.go:27.2,27.17 1 1
project/e-commerce/features/product/usecase/logic.go:19.106,21.3 1 1
project/e-commerce/features/product/usecase/logic.go:24.16,26.3 1 1
project/e-commerce/features/product/usecase/logic.go:30.97,32.16 2 1
project/e-commerce/features/product/usecase/logic.go:35.2,35.18 1 1
project/e-commerce/features/product/usecase/logic.go:32.16,34.3 1 1
project/e-commerce/features/product/usecase/logic.go:38.70,40.16 2 1
project/e-commerce/features/product/usecase/logic.go:43.2,43.18 1 1
project/e-commerce/features/product/usecase/logic.go:40.16,42.3 1 1
project/e-commerce/features/product/usecase/logic.go:46.86,48.16 2 1
project/e-commerce/features/product/usecase/logic.go:51.2,51.17 1 1
project/e-commerce/features/product/usecase/logic.go:48.16,50.3 1 1
project/e-commerce/features/product/usecase/logic.go:54.74,56.16 2 1
project/e-commerce/features/product/usecase/logic.go:59.2,59.17 1 1
project/e-commerce/features/product/usecase/logic.go:56.16,58.3 1 1
project/e-commerce/features/product/usecase/logic.go:62.80,64.16 2 1
project/e-commerce/features/product/usecase/logic.go:67.2,67.18 1 1
project/e-commerce/features/product/usecase/logic.go:64.16,66.3 1 1
project/e-commerce/features/transaction/usecase/logic.go:12.71,16.2 1 1
project/e-commerce/features/transaction/usecase/logic.go:18.132,20.240 1 1
project/e-commerce/features/transaction/usecase/logic.go:24.2,25.16 2 1
project/e-commerce/features/transaction/usecase/logic.go:29.2,29.17 1 0
project/e-commerce/features/transaction/usecase/logic.go:20.240,22.3 1 1
project/e-commerce/features/transaction/usecase/logic.go:25.16,27.3 1 1
project/e-commerce/features/transaction/usecase/logic.go:32.85,35.16 2 1
project/e-commerce/features/transaction/usecase/logic.go:39.2,39.17 1 1
project/e-commerce/features/transaction/usecase/logic.go:35.16,37.3 1 1
project/e-commerce/features/transaction/usecase/logic.go:43.87,45.16 2 1
project/e-commerce/features/transaction/usecase/logic.go:49.2,49.17 1 1
project/e-commerce/features/transaction/usecase/logic.go:45.16,47.3 1 1
project/e-commerce/features/transaction/usecase/logic.go:52.92,55.16 2 1
project/e-commerce/features/transaction/usecase/logic.go:59.2,59.18 1 1
project/e-commerce/features/transaction/usecase/logic.go:55.16,57.3 1 1
project/e-commerce/features/auth/usecase/logic.go:14.57,18.2 1 1
project/e-commerce/features/auth/usecase/logic.go:20.76,22.35 1 1
project/e-commerce/features/auth/usecase/logic.go:26.2,27.21 2 1
project/e-commerce/features/auth/usecase/logic.go:31.2,32.18 2 1
project/e-commerce/features/auth/usecase/logic.go:36.2,38.21 2 1
project/e-commerce/features/auth/usecase/logic.go:42.2,42.14 1 1
project/e-commerce/features/auth/usecase/logic.go:22.35,24.3 1 1
project/e-commerce/features/auth/usecase/logic.go:27.21,29.3 1 1
project/e-commerce/features/auth/usecase/logic.go:32.18,34.3 1 1
project/e-commerce/features/auth/usecase/logic.go:38.21,40.3 1 0
project/e-commerce/features/user/usecase/logic.go:14.57,18.2 1 1
project/e-commerce/features/user/usecase/logic.go:20.67,21.106 1 1
project/e-commerce/features/user/usecase/logic.go:25.2,26.16 2 1
project/e-commerce/features/user/usecase/logic.go:30.2,32.16 3 1
project/e-commerce/features/user/usecase/logic.go:35.2,35.17 1 1
project/e-commerce/features/user/usecase/logic.go:21.106,23.3 1 1
project/e-commerce/features/user/usecase/logic.go:26.16,28.3 1 0
project/e-commerce/features/user/usecase/logic.go:32.16,34.3 1 1
project/e-commerce/features/user/usecase/logic.go:38.70,40.16 2 1
project/e-commerce/features/user/usecase/logic.go:43.2,43.20 1 1
project/e-commerce/features/user/usecase/logic.go:40.16,42.3 1 1
project/e-commerce/features/user/usecase/logic.go:46.69,48.28 1 1
project/e-commerce/features/user/usecase/logic.go:55.2,56.16 2 1
project/e-commerce/features/user/usecase/logic.go:59.2,59.17 1 1
project/e-commerce/features/user/usecase/logic.go:48.28,50.17 2 1
project/e-commerce/features/user/usecase/logic.go:53.3,53.38 1 1
project/e-commerce/features/user/usecase/logic.go:50.17,52.4 1 0
project/e-commerce/features/user/usecase/logic.go:56.16,58.3 1 0
project/e-commerce/features/user/usecase/logic.go:62.64,64.16 2 1
project/e-commerce/features/user/usecase/logic.go:67.2,67.17 1 1
project/e-commerce/features/user/usecase/logic.go:64.16,66.3 1 1
